Using pre-set license
Built from '2020.2/staging' branch; Version is '2020.2.6f1 (8a2143876886) revision 9052483'; Using compiler version '192528614'; Build Type 'Release'
OS: 'Windows 10 Pro; OS build 19041.928; Version 2004; 64bit' Language: 'en' Physical Memory: 16307 MB
BatchMode: 1, IsHumanControllingUs: 0, StartBugReporterOnCrash: 0, Is64bit: 1, IsPro: 0

 COMMAND LINE ARGUMENTS:
G:\2020.2.6f1\Editor\Unity.exe
-adb2
-batchMode
-noUpm
-name
AssetImportWorker0
-projectPath
C:/Users/nabil/Documents/School Code/Year 3/GAME3033-GameEngine4/CactusHunt
-logFile
Logs/AssetImportWorker0.log
-srvPort
51029
Successfully changed project path to: C:/Users/nabil/Documents/School Code/Year 3/GAME3033-GameEngine4/CactusHunt
C:/Users/nabil/Documents/School Code/Year 3/GAME3033-GameEngine4/CactusHunt
Using Asset Import Pipeline V2.
Refreshing native plugins compatible for Editor in 31.78 ms, found 0 plugins.
Preloading 0 native plugins for Editor in 0.00 ms.
Initialize engine version: 2020.2.6f1 (8a2143876886)
[Subsystems] Discovering subsystems at path G:/2020.2.6f1/Editor/Data/Resources/UnitySubsystems
[Subsystems] Discovering subsystems at path C:/Users/nabil/Documents/School Code/Year 3/GAME3033-GameEngine4/CactusHunt/Assets
GfxDevice: creating device client; threaded=0
Direct3D:
    Version:  Direct3D 11.0 [level 11.1]
    Renderer: NVIDIA GeForce RTX 2070 SUPER (ID=0x1e84)
    Vendor:   
    VRAM:     8011 MB
    Driver:   27.21.14.6589
Initialize mono
Mono path[0] = 'G:/2020.2.6f1/Editor/Data/Managed'
Mono path[1] = 'G:/2020.2.6f1/Editor/Data/MonoBleedingEdge/lib/mono/unityjit'
Mono config path = 'G:/2020.2.6f1/Editor/Data/MonoBleedingEdge/etc'
Using monoOptions --debugger-agent=transport=dt_socket,embedding=1,server=y,suspend=n,address=127.0.0.1:56576
Begin MonoManager ReloadAssembly
Registering precompiled unity dll's ...
Register platform support module: G:/2020.2.6f1/Editor/Data/PlaybackEngines/WebGLSupport/UnityEditor.WebGL.Extensions.dll
Register platform support module: G:/2020.2.6f1/Editor/Data/PlaybackEngines/WindowsStandaloneSupport/UnityEditor.WindowsStandalone.Extensions.dll
Register platform support module: G:/2020.2.6f1/Editor/Data/PlaybackEngines/LinuxStandaloneSupport/UnityEditor.LinuxStandalone.Extensions.dll
Registered in 0.001146 seconds.
Native extension for LinuxStandalone target not found
Native extension for WindowsStandalone target not found
Native extension for WebGL target not found
Refreshing native plugins compatible for Editor in 31.89 ms, found 0 plugins.
Preloading 0 native plugins for Editor in 0.00 ms.
Invoked RoslynAnalysisRunner static constructor.
RoslynAnalysisRunner will not be running.
RoslynAnalysisRunner has terminated.
Mono: successfully reloaded assembly
- Completed reload, in  0.692 seconds
Platform modules already initialized, skipping
Registering precompiled user dll's ...
Registered in 0.000678 seconds.
Begin MonoManager ReloadAssembly
Native extension for LinuxStandalone target not found
Native extension for WindowsStandalone target not found
Native extension for WebGL target not found
Refreshing native plugins compatible for Editor in 32.28 ms, found 0 plugins.
Preloading 0 native plugins for Editor in 0.00 ms.
Invoked RoslynAnalysisRunner static constructor.
RoslynAnalysisRunner will not be running.
RoslynAnalysisRunner has terminated.
Mono: successfully reloaded assembly
- Completed reload, in  0.699 seconds
Platform modules already initialized, skipping
========================================================================
Worker process is ready to serve import requests
Launched and connected shader compiler UnityShaderCompiler.exe after 0.03 seconds
Refreshing native plugins compatible for Editor in 0.96 ms, found 0 plugins.
Preloading 0 native plugins for Editor in 0.00 ms.
Unloading 1550 Unused Serialized files (Serialized files now loaded: 0)
System memory in use before: 74.1 MB.
System memory in use after: 74.2 MB.

Unloading 13 unused Assets to reduce memory usage. Loaded Objects now: 1996.
Total: 1.663700 ms (FindLiveObjects: 0.241600 ms CreateObjectMapping: 0.074200 ms MarkObjects: 1.279900 ms  DeleteObjects: 0.066600 ms)

========================================================================
Received Import Request.
  path: Assets
  artifactKey: Guid(00000000000000001000000000000000) Importer(815301076,1909f56bfc062723c751e8b465ee728b)
Start importing Assets using Guid(00000000000000001000000000000000) Importer(815301076,1909f56bfc062723c751e8b465ee728b)  -> (artifact id: 'f47cf443bddc682ac2de11ea429897ce') in 0.006137 seconds
  Import took 0.008325 seconds .

========================================================================
Received Import Request.
  Time since last request: 2.294403 seconds.
  path: Assets/Prefabs
  artifactKey: Guid(1db7072936c74a045b7ffb0f2ae5371c) Importer(815301076,1909f56bfc062723c751e8b465ee728b)
Start importing Assets/Prefabs using Guid(1db7072936c74a045b7ffb0f2ae5371c) Importer(815301076,1909f56bfc062723c751e8b465ee728b)  -> (artifact id: '775a7fdbd4e8e5a8cd4178201650aa75') in 0.004904 seconds
  Import took 0.007100 seconds .

========================================================================
Received Import Request.
  Time since last request: 9.272510 seconds.
  path: Assets/Prefabs/StunFlower.prefab
  artifactKey: Guid(e49a73b9cb51189459c2a1257cc42d51) Importer(815301076,1909f56bfc062723c751e8b465ee728b)
Start importing Assets/Prefabs/StunFlower.prefab using Guid(e49a73b9cb51189459c2a1257cc42d51) Importer(815301076,1909f56bfc062723c751e8b465ee728b)  -> (artifact id: '29789546e00898f1240701d90bf8e968') in 0.096573 seconds
  Import took 0.098772 seconds .

========================================================================
Received Import Request.
  Time since last request: 64.386290 seconds.
  path: Assets/Prefabs/StunFlower.prefab
  artifactKey: Guid(e49a73b9cb51189459c2a1257cc42d51) Importer(815301076,1909f56bfc062723c751e8b465ee728b)
Start importing Assets/Prefabs/StunFlower.prefab using Guid(e49a73b9cb51189459c2a1257cc42d51) Importer(815301076,1909f56bfc062723c751e8b465ee728b)  -> (artifact id: 'b298b2ed82fc46b4b7f9a9e1da8ec7e6') in 0.009832 seconds
  Import took 0.012296 seconds .

========================================================================
Received Import Request.
  Time since last request: 23.575296 seconds.
  path: Assets/Prefabs/LifeFlower.prefab
  artifactKey: Guid(f2df1951688655e408f02e0410cb34ce) Importer(815301076,1909f56bfc062723c751e8b465ee728b)
Start importing Assets/Prefabs/LifeFlower.prefab using Guid(f2df1951688655e408f02e0410cb34ce) Importer(815301076,1909f56bfc062723c751e8b465ee728b)  -> (artifact id: 'c325394f68f4ed0cc678ba0ceda83455') in 0.010793 seconds
  Import took 0.013239 seconds .

========================================================================
Received Import Request.
  Time since last request: 6.905526 seconds.
  path: Assets/Prefabs/SpeedFlower.prefab
  artifactKey: Guid(91a13421f59e364449bddbe9f4d39032) Importer(815301076,1909f56bfc062723c751e8b465ee728b)
Start importing Assets/Prefabs/SpeedFlower.prefab using Guid(91a13421f59e364449bddbe9f4d39032) Importer(815301076,1909f56bfc062723c751e8b465ee728b)  -> (artifact id: 'ead7b904bb3428fac8731c4d98ec421b') in 0.012813 seconds
  Import took 0.015286 seconds .

========================================================================
Received Prepare
Registering precompiled user dll's ...
Registered in 0.001020 seconds.
Begin MonoManager ReloadAssembly
Native extension for LinuxStandalone target not found
Native extension for WindowsStandalone target not found
Native extension for WebGL target not found
Refreshing native plugins compatible for Editor in 0.37 ms, found 0 plugins.
Preloading 0 native plugins for Editor in 0.00 ms.
Invoked RoslynAnalysisRunner static constructor.
RoslynAnalysisRunner will not be running.
RoslynAnalysisRunner has terminated.
Mono: successfully reloaded assembly
- Completed reload, in  0.725 seconds
Platform modules already initialized, skipping
Refreshing native plugins compatible for Editor in 0.35 ms, found 0 plugins.
Preloading 0 native plugins for Editor in 0.00 ms.
Unloading 1543 Unused Serialized files (Serialized files now loaded: 0)
System memory in use before: 77.3 MB.
System memory in use after: 77.4 MB.

Unloading 6 unused Assets to reduce memory usage. Loaded Objects now: 2005.
Total: 1.801300 ms (FindLiveObjects: 0.290400 ms CreateObjectMapping: 0.049100 ms MarkObjects: 1.416800 ms  DeleteObjects: 0.043300 ms)

========================================================================
Received Prepare
Registering precompiled user dll's ...
Registered in 0.000738 seconds.
Begin MonoManager ReloadAssembly
Native extension for LinuxStandalone target not found
Native extension for WindowsStandalone target not found
Native extension for WebGL target not found
Refreshing native plugins compatible for Editor in 0.34 ms, found 0 plugins.
Preloading 0 native plugins for Editor in 0.00 ms.
Invoked RoslynAnalysisRunner static constructor.
RoslynAnalysisRunner will not be running.
RoslynAnalysisRunner has terminated.
Mono: successfully reloaded assembly
- Completed reload, in  0.617 seconds
Platform modules already initialized, skipping
Refreshing native plugins compatible for Editor in 0.34 ms, found 0 plugins.
Preloading 0 native plugins for Editor in 0.00 ms.
Unloading 1543 Unused Serialized files (Serialized files now loaded: 0)
System memory in use before: 77.3 MB.
System memory in use after: 77.4 MB.

Unloading 6 unused Assets to reduce memory usage. Loaded Objects now: 2007.
Total: 1.651600 ms (FindLiveObjects: 0.217200 ms CreateObjectMapping: 0.068000 ms MarkObjects: 1.326500 ms  DeleteObjects: 0.038500 ms)

========================================================================
Received Import Request.
  Time since last request: 638.916995 seconds.
  path: Assets/Textures
  artifactKey: Guid(317f654726acc104fa2b13ca60e9ff3e) Importer(815301076,1909f56bfc062723c751e8b465ee728b)
Start importing Assets/Textures using Guid(317f654726acc104fa2b13ca60e9ff3e) Importer(815301076,1909f56bfc062723c751e8b465ee728b)  -> (artifact id: '033fedba664d1b3147bb50b1620485e6') in 0.006753 seconds
  Import took 0.009278 seconds .

========================================================================
Received Import Request.
  Time since last request: 10.523587 seconds.
  path: Assets/Textures/MainMenuScreenCactus.png
  artifactKey: Guid(9255b18b7d68a7a47ad7cc9e57d30850) Importer(815301076,1909f56bfc062723c751e8b465ee728b)
Start importing Assets/Textures/MainMenuScreenCactus.png using Guid(9255b18b7d68a7a47ad7cc9e57d30850) Importer(815301076,1909f56bfc062723c751e8b465ee728b)  -> (artifact id: 'e707b2470873743d457d1efdda3e0702') in 0.065897 seconds
  Import took 0.068109 seconds .

========================================================================
Received Import Request.
  Time since last request: 6.390899 seconds.
  path: Assets/Textures/MainMenuScreenCactus.png
  artifactKey: Guid(9255b18b7d68a7a47ad7cc9e57d30850) Importer(815301076,1909f56bfc062723c751e8b465ee728b)
Start importing Assets/Textures/MainMenuScreenCactus.png using Guid(9255b18b7d68a7a47ad7cc9e57d30850) Importer(815301076,1909f56bfc062723c751e8b465ee728b)  -> (artifact id: '259a2853dfdea3390430dfdb59e3935a') in 0.041489 seconds
  Import took 0.043894 seconds .

========================================================================
Received Import Request.
  Time since last request: 103.633132 seconds.
  path: Assets/TextMesh Pro/Resources/Fonts & Materials/LiberationSans SDF - Fallback.asset
  artifactKey: Guid(2e498d1c8094910479dc3e1b768306a4) Importer(815301076,1909f56bfc062723c751e8b465ee728b)
Start importing Assets/TextMesh Pro/Resources/Fonts & Materials/LiberationSans SDF - Fallback.asset using Guid(2e498d1c8094910479dc3e1b768306a4) Importer(815301076,1909f56bfc062723c751e8b465ee728b)  -> (artifact id: '9a9dfdfda3e263f38f8631b262f6622a') in 0.054983 seconds
  Import took 0.057266 seconds .

========================================================================
Received Import Request.
  Time since last request: 5.806432 seconds.
  path: Assets/TextMesh Pro/Resources/Fonts & Materials/LiberationSans SDF.asset
  artifactKey: Guid(8f586378b4e144a9851e7b34d9b748ee) Importer(815301076,1909f56bfc062723c751e8b465ee728b)
Start importing Assets/TextMesh Pro/Resources/Fonts & Materials/LiberationSans SDF.asset using Guid(8f586378b4e144a9851e7b34d9b748ee) Importer(815301076,1909f56bfc062723c751e8b465ee728b)  -> (artifact id: '6f2921b3ac98961f3f6b10743ab2b857') in 0.031330 seconds
  Import took 0.033596 seconds .

========================================================================
Received Prepare
Registering precompiled user dll's ...
Registered in 0.000722 seconds.
Begin MonoManager ReloadAssembly
Native extension for LinuxStandalone target not found
Native extension for WindowsStandalone target not found
Native extension for WebGL target not found
Refreshing native plugins compatible for Editor in 0.34 ms, found 0 plugins.
Preloading 0 native plugins for Editor in 0.00 ms.
Invoked RoslynAnalysisRunner static constructor.
RoslynAnalysisRunner will not be running.
RoslynAnalysisRunner has terminated.
Mono: successfully reloaded assembly
- Completed reload, in  0.624 seconds
Platform modules already initialized, skipping
Refreshing native plugins compatible for Editor in 0.35 ms, found 0 plugins.
Preloading 0 native plugins for Editor in 0.00 ms.
Unloading 1559 Unused Serialized files (Serialized files now loaded: 0)
System memory in use before: 79.4 MB.
System memory in use after: 78.9 MB.

Unloading 18 unused Assets to reduce memory usage. Loaded Objects now: 2054.
Total: 1.564400 ms (FindLiveObjects: 0.134000 ms CreateObjectMapping: 0.041100 ms MarkObjects: 1.164400 ms  DeleteObjects: 0.224100 ms)

========================================================================
Received Import Request.
  Time since last request: 705.119473 seconds.
  path: Assets/Low Poly Vegetation Pack/Vegetation Assets
  artifactKey: Guid(63ab47a32e8e2bf4493012876df9bbd5) Importer(815301076,1909f56bfc062723c751e8b465ee728b)
Start importing Assets/Low Poly Vegetation Pack/Vegetation Assets using Guid(63ab47a32e8e2bf4493012876df9bbd5) Importer(815301076,1909f56bfc062723c751e8b465ee728b)  -> (artifact id: '9707f7728d41a96f20d327141e95a6af') in 0.008547 seconds
  Import took 0.011109 seconds .

========================================================================
Received Import Request.
  Time since last request: 1.031837 seconds.
  path: Assets/Low Poly Vegetation Pack/Vegetation Assets/Textures
  artifactKey: Guid(f7dd20c2af25d374a9414edcccfba129) Importer(815301076,1909f56bfc062723c751e8b465ee728b)
Start importing Assets/Low Poly Vegetation Pack/Vegetation Assets/Textures using Guid(f7dd20c2af25d374a9414edcccfba129) Importer(815301076,1909f56bfc062723c751e8b465ee728b)  -> (artifact id: 'a7ce9920fea562770d9e2e66f830093e') in 0.002233 seconds
  Import took 0.005234 seconds .

========================================================================
Received Import Request.
  Time since last request: 439.875546 seconds.
  path: Assets/Textures/LifeFlower.png
  artifactKey: Guid(e84aba9296fb77a4ba6141eac77f03d5) Importer(815301076,1909f56bfc062723c751e8b465ee728b)
Start importing Assets/Textures/LifeFlower.png using Guid(e84aba9296fb77a4ba6141eac77f03d5) Importer(815301076,1909f56bfc062723c751e8b465ee728b)  -> (artifact id: '00213055b0a4a46a88425a4f79370b48') in 0.028324 seconds
  Import took 0.030889 seconds .

========================================================================
Received Import Request.
  Time since last request: 3.946753 seconds.
  path: Assets/Textures/LifeFlower.png
  artifactKey: Guid(e84aba9296fb77a4ba6141eac77f03d5) Importer(815301076,1909f56bfc062723c751e8b465ee728b)
Start importing Assets/Textures/LifeFlower.png using Guid(e84aba9296fb77a4ba6141eac77f03d5) Importer(815301076,1909f56bfc062723c751e8b465ee728b)  -> (artifact id: 'ca5ec1d9140a1bcee9350db8b05424a5') in 0.023566 seconds
  Import took 0.025895 seconds .

========================================================================
Received Import Request.
  Time since last request: 8.025278 seconds.
  path: Assets/Textures/StunFlower.png
  artifactKey: Guid(f5d619e0e3c763d4d97e0ddad8a98aa9) Importer(815301076,1909f56bfc062723c751e8b465ee728b)
Start importing Assets/Textures/StunFlower.png using Guid(f5d619e0e3c763d4d97e0ddad8a98aa9) Importer(815301076,1909f56bfc062723c751e8b465ee728b)  -> (artifact id: 'f61c380a52349f31a28a5e38185ee4c1') in 0.018524 seconds
  Import took 0.020717 seconds .

========================================================================
Received Import Request.
  Time since last request: 0.601612 seconds.
  path: Assets/Textures/SpeedFlower.png
  artifactKey: Guid(ed32675bf465f8147aeafb6290cf8ba5) Importer(815301076,1909f56bfc062723c751e8b465ee728b)
Start importing Assets/Textures/SpeedFlower.png using Guid(ed32675bf465f8147aeafb6290cf8ba5) Importer(815301076,1909f56bfc062723c751e8b465ee728b)  -> (artifact id: '2729caf9a61845fc592cc6ab0c9a3040') in 0.015940 seconds
  Import took 0.018295 seconds .

========================================================================
Received Import Request.
  Time since last request: 347.497005 seconds.
  path: Assets/_Scripts/MenuController.cs
  artifactKey: Guid(853c145ddf073244fae3a821a58fab54) Importer(815301076,1909f56bfc062723c751e8b465ee728b)
Start importing Assets/_Scripts/MenuController.cs using Guid(853c145ddf073244fae3a821a58fab54) Importer(815301076,1909f56bfc062723c751e8b465ee728b)  -> (artifact id: 'a442c3ff5b18e3689da44af20d1d0d0f') in 0.009751 seconds
  Import took 0.012301 seconds .

========================================================================
Received Prepare
Registering precompiled user dll's ...
Registered in 0.000755 seconds.
Begin MonoManager ReloadAssembly
Native extension for LinuxStandalone target not found
Native extension for WindowsStandalone target not found
Native extension for WebGL target not found
Refreshing native plugins compatible for Editor in 0.34 ms, found 0 plugins.
Preloading 0 native plugins for Editor in 0.00 ms.
Invoked RoslynAnalysisRunner static constructor.
RoslynAnalysisRunner will not be running.
RoslynAnalysisRunner has terminated.
Mono: successfully reloaded assembly
- Completed reload, in  0.605 seconds
Platform modules already initialized, skipping
Refreshing native plugins compatible for Editor in 0.34 ms, found 0 plugins.
Preloading 0 native plugins for Editor in 0.00 ms.
Unloading 1558 Unused Serialized files (Serialized files now loaded: 0)
System memory in use before: 79.4 MB.
System memory in use after: 78.9 MB.

Unloading 18 unused Assets to reduce memory usage. Loaded Objects now: 2063.
Total: 1.622700 ms (FindLiveObjects: 0.147800 ms CreateObjectMapping: 0.039900 ms MarkObjects: 1.193800 ms  DeleteObjects: 0.240800 ms)

========================================================================
Received Import Request.
  Time since last request: 112.558023 seconds.
  path: Assets/Scenes/MainMenu.unity
  artifactKey: Guid(38ad8193a1f6b504e90e970b128ff86d) Importer(815301076,1909f56bfc062723c751e8b465ee728b)
Start importing Assets/Scenes/MainMenu.unity using Guid(38ad8193a1f6b504e90e970b128ff86d) Importer(815301076,1909f56bfc062723c751e8b465ee728b)  -> (artifact id: 'e4a34992eba7370c7f8a8995ef818603') in 0.011791 seconds
  Import took 0.014070 seconds .

========================================================================
Received Import Request.
  Time since last request: 2.605707 seconds.
  path: Assets/Scenes/GameScene.unity
  artifactKey: Guid(9fc0d4010bbf28b4594072e72b8655ab) Importer(815301076,1909f56bfc062723c751e8b465ee728b)
Start importing Assets/Scenes/GameScene.unity using Guid(9fc0d4010bbf28b4594072e72b8655ab) Importer(815301076,1909f56bfc062723c751e8b465ee728b)  -> (artifact id: '1c51b7a73f126dd9764ac1c123a316e7') in 0.005185 seconds
  Import took 0.007363 seconds .

========================================================================
Received Import Request.
  Time since last request: 0.000401 seconds.
  path: Assets/Scenes/GameScene.unity
  artifactKey: Guid(9fc0d4010bbf28b4594072e72b8655ab) Importer(815301076,1909f56bfc062723c751e8b465ee728b)
Start importing Assets/Scenes/GameScene.unity using Guid(9fc0d4010bbf28b4594072e72b8655ab) Importer(815301076,1909f56bfc062723c751e8b465ee728b)  -> (artifact id: '1c51b7a73f126dd9764ac1c123a316e7') in 0.001772 seconds
  Import took 0.004074 seconds .

========================================================================
Received Import Request.
  Time since last request: 98.148148 seconds.
  path: Assets/Scenes/GameScene.unity
  artifactKey: Guid(9fc0d4010bbf28b4594072e72b8655ab) Importer(815301076,1909f56bfc062723c751e8b465ee728b)
Start importing Assets/Scenes/GameScene.unity using Guid(9fc0d4010bbf28b4594072e72b8655ab) Importer(815301076,1909f56bfc062723c751e8b465ee728b)  -> (artifact id: '921d14d85a0eb8395d1778f650b6e574') in 0.001821 seconds
  Import took 0.003954 seconds .

========================================================================
Received Import Request.
  Time since last request: 0.007688 seconds.
  path: Assets/Scenes/GameScene.unity
  artifactKey: Guid(9fc0d4010bbf28b4594072e72b8655ab) Importer(815301076,1909f56bfc062723c751e8b465ee728b)
Start importing Assets/Scenes/GameScene.unity using Guid(9fc0d4010bbf28b4594072e72b8655ab) Importer(815301076,1909f56bfc062723c751e8b465ee728b)  -> (artifact id: '921d14d85a0eb8395d1778f650b6e574') in 0.001716 seconds
  Import took 0.003931 seconds .

========================================================================
Received Prepare
Registering precompiled user dll's ...
Registered in 0.000688 seconds.
Begin MonoManager ReloadAssembly
Native extension for LinuxStandalone target not found
Native extension for WindowsStandalone target not found
Native extension for WebGL target not found
Refreshing native plugins compatible for Editor in 0.33 ms, found 0 plugins.
Preloading 0 native plugins for Editor in 0.00 ms.
Invoked RoslynAnalysisRunner static constructor.
RoslynAnalysisRunner will not be running.
RoslynAnalysisRunner has terminated.
Mono: successfully reloaded assembly
- Completed reload, in  0.600 seconds
Platform modules already initialized, skipping
Refreshing native plugins compatible for Editor in 0.35 ms, found 0 plugins.
Preloading 0 native plugins for Editor in 0.00 ms.
Unloading 1558 Unused Serialized files (Serialized files now loaded: 0)
System memory in use before: 79.4 MB.
System memory in use after: 78.9 MB.

Unloading 18 unused Assets to reduce memory usage. Loaded Objects now: 2065.
Total: 1.703200 ms (FindLiveObjects: 0.139000 ms CreateObjectMapping: 0.040800 ms MarkObjects: 1.277700 ms  DeleteObjects: 0.244700 ms)

========================================================================
Received Import Request.
  Time since last request: 448.299928 seconds.
  path: Assets/Scenes/MainMenu.unity
  artifactKey: Guid(38ad8193a1f6b504e90e970b128ff86d) Importer(815301076,1909f56bfc062723c751e8b465ee728b)
Start importing Assets/Scenes/MainMenu.unity using Guid(38ad8193a1f6b504e90e970b128ff86d) Importer(815301076,1909f56bfc062723c751e8b465ee728b)  -> (artifact id: '19ba1152eb14e724cb8f5cae6ee5f469') in 0.009314 seconds
  Import took 0.011927 seconds .

========================================================================
Received Prepare
Registering precompiled user dll's ...
Registered in 0.000738 seconds.
Begin MonoManager ReloadAssembly
Native extension for LinuxStandalone target not found
Native extension for WindowsStandalone target not found
Native extension for WebGL target not found
Refreshing native plugins compatible for Editor in 0.34 ms, found 0 plugins.
Preloading 0 native plugins for Editor in 0.00 ms.
Invoked RoslynAnalysisRunner static constructor.
RoslynAnalysisRunner will not be running.
RoslynAnalysisRunner has terminated.
Mono: successfully reloaded assembly
- Completed reload, in  0.625 seconds
Platform modules already initialized, skipping
Refreshing native plugins compatible for Editor in 0.37 ms, found 0 plugins.
Preloading 0 native plugins for Editor in 0.00 ms.
Unloading 1558 Unused Serialized files (Serialized files now loaded: 0)
System memory in use before: 79.4 MB.
System memory in use after: 78.9 MB.

Unloading 18 unused Assets to reduce memory usage. Loaded Objects now: 2067.
Total: 1.680800 ms (FindLiveObjects: 0.149100 ms CreateObjectMapping: 0.042600 ms MarkObjects: 1.243000 ms  DeleteObjects: 0.245500 ms)

